Using pre-set license

 COMMAND LINE ARGUMENTS:
/Applications/Unity/Hub/Editor/2020.3.10f1/Unity.app/Contents/MacOS/Unity
-adb2
-batchMode
-noUpm
-name
AssetImportWorker0
-projectPath
/Users/user/Documents/PPOP_Challenge/PPOP_ChallengeProject/PandaPopChallenge
-logFile
Logs/AssetImportWorker0.log
-srvPort
54146
Successfully changed project path to: /Users/user/Documents/PPOP_Challenge/PPOP_ChallengeProject/PandaPopChallenge
/Users/user/Documents/PPOP_Challenge/PPOP_ChallengeProject/PandaPopChallenge
Using Asset Import Pipeline V2.
Refreshing native plugins compatible for Editor in 114.73 ms, found 2 plugins.
Preloading 0 native plugins for Editor in 0.00 ms.
Initialize engine version: 2020.3.10f1 (297d780c91bc)
[Subsystems] Discovering subsystems at path /Applications/Unity/Hub/Editor/2020.3.10f1/Unity.app/Contents/Resources/UnitySubsystems
[Subsystems] Discovering subsystems at path /Users/user/Documents/PPOP_Challenge/PPOP_ChallengeProject/PandaPopChallenge/Assets
GfxDevice: creating device client; threaded=0
2021-12-20 16:20:09.077 Unity[48080:5161788] Color LCD preferred device: Intel(R) Iris(TM) Plus Graphics 655 (low power)
2021-12-20 16:20:09.077 Unity[48080:5161788] Metal devices available: 1
2021-12-20 16:20:09.077 Unity[48080:5161788] 0: Intel(R) Iris(TM) Plus Graphics 655 (low power)
2021-12-20 16:20:09.078 Unity[48080:5161788] Using device Intel(R) Iris(TM) Plus Graphics 655 (low power)
Initializing Metal device caps: Intel(R) Iris(TM) Plus Graphics 655
Initialize mono
Mono path[0] = '/Applications/Unity/Hub/Editor/2020.3.10f1/Unity.app/Contents/Managed'
Mono path[1] = '/Applications/Unity/Hub/Editor/2020.3.10f1/Unity.app/Contents/MonoBleedingEdge/lib/mono/unityjit'
Mono config path = '/Applications/Unity/Hub/Editor/2020.3.10f1/Unity.app/Contents/MonoBleedingEdge/etc'
Using monoOptions --debugger-agent=transport=dt_socket,embedding=1,server=y,suspend=n,address=127.0.0.1:56080
Begin MonoManager ReloadAssembly
Registering precompiled unity dll's ...
Register platform support module: /Applications/Unity/Hub/Editor/2020.3.10f1/PlaybackEngines/WebGLSupport/UnityEditor.WebGL.Extensions.dll
Register platform support module: /Applications/Unity/Hub/Editor/2020.3.10f1/Unity.app/Contents/PlaybackEngines/MacStandaloneSupport/UnityEditor.OSXStandalone.Extensions.dll
Registered in 0.006309 seconds.
Native extension for OSXStandalone target not found
Native extension for WebGL target not found
Refreshing native plugins compatible for Editor in 36.77 ms, found 2 plugins.
Preloading 0 native plugins for Editor in 0.00 ms.
Mono: successfully reloaded assembly
- Completed reload, in  3.469 seconds
Platform modules already initialized, skipping
Registering precompiled user dll's ...
Registered in 0.007963 seconds.
Begin MonoManager ReloadAssembly
Native extension for OSXStandalone target not found
Native extension for WebGL target not found
Refreshing native plugins compatible for Editor in 0.51 ms, found 2 plugins.
Preloading 0 native plugins for Editor in 0.00 ms.
Mono: successfully reloaded assembly
- Completed reload, in  3.171 seconds
Platform modules already initialized, skipping
========================================================================
Worker process is ready to serve import requests
Launching external process: /Applications/Unity/Hub/Editor/2020.3.10f1/Unity.app/Contents/Tools/UnityShaderCompiler
Launched and connected shader compiler UnityShaderCompiler after 0.40 seconds
Refreshing native plugins compatible for Editor in 0.38 ms, found 2 plugins.
Preloading 0 native plugins for Editor in 0.00 ms.
Unloading 1393 Unused Serialized files (Serialized files now loaded: 0)
System memory in use before: 165.1 MB.
System memory in use after: 165.2 MB.

Unloading 18 unused Assets to reduce memory usage. Loaded Objects now: 1828.
Total: 2.821187 ms (FindLiveObjects: 0.385680 ms CreateObjectMapping: 0.058522 ms MarkObjects: 2.247093 ms  DeleteObjects: 0.128901 ms)

========================================================================
Received Import Request.
  path: Assets/Scripts/MainMenu.cs
  artifactKey: Guid(f137979264798414eb6f5306f3a0da56) Importer(815301076,1909f56bfc062723c751e8b465ee728b)
Start importing Assets/Scripts/MainMenu.cs using Guid(f137979264798414eb6f5306f3a0da56) Importer(815301076,1909f56bfc062723c751e8b465ee728b)  -> (artifact id: 'ab4489001d7c5c76b89ec07691c61282') in 0.358920 seconds
  Import took 0.363500 seconds .

========================================================================
Received Import Request.
  Time since last request: 20.221307 seconds.
  path: Assets/Scripts/AStar
  artifactKey: Guid(a82fb734bdc5d4910b6d42f50ff6648f) Importer(815301076,1909f56bfc062723c751e8b465ee728b)
Start importing Assets/Scripts/AStar using Guid(a82fb734bdc5d4910b6d42f50ff6648f) Importer(815301076,1909f56bfc062723c751e8b465ee728b)  -> (artifact id: '9d09030c7127fb7b25da05f25b77a0c6') in 0.001400 seconds
  Import took 0.011335 seconds .

========================================================================
Received Import Request.
  Time since last request: 2.063570 seconds.
  path: Assets/Scripts/AStar/Algoritmo.cs
  artifactKey: Guid(44704af31b1ec4e56a084237dfdb9e91) Importer(815301076,1909f56bfc062723c751e8b465ee728b)
Start importing Assets/Scripts/AStar/Algoritmo.cs using Guid(44704af31b1ec4e56a084237dfdb9e91) Importer(815301076,1909f56bfc062723c751e8b465ee728b)  -> (artifact id: 'a85b1a9333f9bf7a2dc85890b948c916') in 0.008938 seconds
  Import took 0.012464 seconds .

