Using pre-set license

 COMMAND LINE ARGUMENTS:
/Applications/Unity/Hub/Editor/2020.3.10f1/Unity.app/Contents/MacOS/Unity
-adb2
-batchMode
-noUpm
-name
AssetImportWorker0
-projectPath
/Users/user/Documents/PPOP_Challenge/PPOP_ChallengeProject/PandaPopChallenge
-logFile
Logs/AssetImportWorker0.log
-srvPort
49229
Successfully changed project path to: /Users/user/Documents/PPOP_Challenge/PPOP_ChallengeProject/PandaPopChallenge
/Users/user/Documents/PPOP_Challenge/PPOP_ChallengeProject/PandaPopChallenge
Using Asset Import Pipeline V2.
Refreshing native plugins compatible for Editor in 52.70 ms, found 2 plugins.
Preloading 0 native plugins for Editor in 0.00 ms.
Initialize engine version: 2020.3.10f1 (297d780c91bc)
[Subsystems] Discovering subsystems at path /Applications/Unity/Hub/Editor/2020.3.10f1/Unity.app/Contents/Resources/UnitySubsystems
[Subsystems] Discovering subsystems at path /Users/user/Documents/PPOP_Challenge/PPOP_ChallengeProject/PandaPopChallenge/Assets
GfxDevice: creating device client; threaded=0
2021-10-29 15:39:50.129 Unity[1248:21317] Color LCD preferred device: Intel(R) Iris(TM) Plus Graphics 655 (low power)
2021-10-29 15:39:50.129 Unity[1248:21317] Metal devices available: 1
2021-10-29 15:39:50.129 Unity[1248:21317] 0: Intel(R) Iris(TM) Plus Graphics 655 (low power)
2021-10-29 15:39:50.130 Unity[1248:21317] Using device Intel(R) Iris(TM) Plus Graphics 655 (low power)
Initializing Metal device caps: Intel(R) Iris(TM) Plus Graphics 655
Initialize mono
Mono path[0] = '/Applications/Unity/Hub/Editor/2020.3.10f1/Unity.app/Contents/Managed'
Mono path[1] = '/Applications/Unity/Hub/Editor/2020.3.10f1/Unity.app/Contents/MonoBleedingEdge/lib/mono/unityjit'
Mono config path = '/Applications/Unity/Hub/Editor/2020.3.10f1/Unity.app/Contents/MonoBleedingEdge/etc'
Using monoOptions --debugger-agent=transport=dt_socket,embedding=1,server=y,suspend=n,address=127.0.0.1:56248
Begin MonoManager ReloadAssembly
Registering precompiled unity dll's ...
Register platform support module: /Applications/Unity/Hub/Editor/2020.3.10f1/PlaybackEngines/WebGLSupport/UnityEditor.WebGL.Extensions.dll
Register platform support module: /Applications/Unity/Hub/Editor/2020.3.10f1/Unity.app/Contents/PlaybackEngines/MacStandaloneSupport/UnityEditor.OSXStandalone.Extensions.dll
Registered in 0.006235 seconds.
Native extension for OSXStandalone target not found
Native extension for WebGL target not found
Refreshing native plugins compatible for Editor in 34.44 ms, found 2 plugins.
Preloading 0 native plugins for Editor in 0.00 ms.
Mono: successfully reloaded assembly
- Completed reload, in  2.633 seconds
Platform modules already initialized, skipping
Registering precompiled user dll's ...
Registered in 0.006340 seconds.
Begin MonoManager ReloadAssembly
Native extension for OSXStandalone target not found
Native extension for WebGL target not found
Refreshing native plugins compatible for Editor in 0.36 ms, found 2 plugins.
Preloading 0 native plugins for Editor in 0.00 ms.
Mono: successfully reloaded assembly
- Completed reload, in  1.576 seconds
Platform modules already initialized, skipping
========================================================================
Worker process is ready to serve import requests
Launching external process: /Applications/Unity/Hub/Editor/2020.3.10f1/Unity.app/Contents/Tools/UnityShaderCompiler
Launched and connected shader compiler UnityShaderCompiler after 0.02 seconds
Refreshing native plugins compatible for Editor in 0.88 ms, found 2 plugins.
Preloading 0 native plugins for Editor in 0.00 ms.
Unloading 1393 Unused Serialized files (Serialized files now loaded: 0)
System memory in use before: 165.1 MB.
System memory in use after: 165.1 MB.

Unloading 18 unused Assets to reduce memory usage. Loaded Objects now: 1828.
Total: 4.552275 ms (FindLiveObjects: 0.379154 ms CreateObjectMapping: 0.112763 ms MarkObjects: 3.928571 ms  DeleteObjects: 0.129916 ms)

========================================================================
Received Import Request.
  path: Assets/Scripts/Nodo.cs
  artifactKey: Guid(6d2b624a440034b5da713f4f3907b0a9) Importer(815301076,1909f56bfc062723c751e8b465ee728b)
Start importing Assets/Scripts/Nodo.cs using Guid(6d2b624a440034b5da713f4f3907b0a9) Importer(815301076,1909f56bfc062723c751e8b465ee728b)  -> (artifact id: 'ac345882a4ff7cdff648dabcf488908b') in 0.351011 seconds
  Import took 0.354345 seconds .

========================================================================
Received Prepare
Refreshing native plugins compatible for Editor in 2.07 ms, found 2 plugins.
Preloading 0 native plugins for Editor in 0.00 ms.
Unloading 11 Unused Serialized files (Serialized files now loaded: 0)
System memory in use before: 141.4 MB.
System memory in use after: 141.5 MB.

Unloading 11 unused Assets to reduce memory usage. Loaded Objects now: 1828.
Total: 2.080021 ms (FindLiveObjects: 0.168793 ms CreateObjectMapping: 0.046261 ms MarkObjects: 1.848791 ms  DeleteObjects: 0.015303 ms)

========================================================================
Received Import Request.
  Time since last request: 15.509484 seconds.
  path: Assets/Resources/Prefabs/HexagonoAgua.prefab
  artifactKey: Guid(f7ecd43f81aa64fc884610dcc405d96d) Importer(815301076,1909f56bfc062723c751e8b465ee728b)
Start importing Assets/Resources/Prefabs/HexagonoAgua.prefab using Guid(f7ecd43f81aa64fc884610dcc405d96d) Importer(815301076,1909f56bfc062723c751e8b465ee728b)  -> (artifact id: '9d4624a021c77b99e5ece6da8a3aaf77') in 1.196643 seconds
  Import took 1.200302 seconds .

========================================================================
Received Import Request.
  Time since last request: 0.000287 seconds.
  path: Assets/Resources/Prefabs/HexagonoDesierto.prefab
  artifactKey: Guid(e34a786d7ff22463b99079684f2160ca) Importer(815301076,1909f56bfc062723c751e8b465ee728b)
Start importing Assets/Resources/Prefabs/HexagonoDesierto.prefab using Guid(e34a786d7ff22463b99079684f2160ca) Importer(815301076,1909f56bfc062723c751e8b465ee728b)  -> (artifact id: '2c1a425b06dc1390bf9b254d776d8c28') in 0.010501 seconds
  Import took 0.013495 seconds .

========================================================================
Received Import Request.
  Time since last request: 0.000227 seconds.
  path: Assets/Resources/Prefabs/HexagonoBosque.prefab
  artifactKey: Guid(f7a05b9724dd5415b96e5cf974e9af6a) Importer(815301076,1909f56bfc062723c751e8b465ee728b)
Start importing Assets/Resources/Prefabs/HexagonoBosque.prefab using Guid(f7a05b9724dd5415b96e5cf974e9af6a) Importer(815301076,1909f56bfc062723c751e8b465ee728b)  -> (artifact id: '7a307a86a99939815eed478686567e5a') in 0.010731 seconds
  Import took 0.014584 seconds .

========================================================================
Received Import Request.
  Time since last request: 0.000545 seconds.
  path: Assets/Resources/Prefabs/HexagonoMontaña.prefab
  artifactKey: Guid(13454c2c315df47b5a1a5baa684c4e42) Importer(815301076,1909f56bfc062723c751e8b465ee728b)
Start importing Assets/Resources/Prefabs/HexagonoMontaña.prefab using Guid(13454c2c315df47b5a1a5baa684c4e42) Importer(815301076,1909f56bfc062723c751e8b465ee728b)  -> (artifact id: '3e74aaf5aad3ce42b1d8f68b280905d1') in 0.015617 seconds
  Import took 0.020838 seconds .

========================================================================
Received Import Request.
  Time since last request: 0.000485 seconds.
  path: Assets/Resources/Prefabs/HexagonoPasto.prefab
  artifactKey: Guid(2150a33865fbe4846aad1b5f7ae8b040) Importer(815301076,1909f56bfc062723c751e8b465ee728b)
Start importing Assets/Resources/Prefabs/HexagonoPasto.prefab using Guid(2150a33865fbe4846aad1b5f7ae8b040) Importer(815301076,1909f56bfc062723c751e8b465ee728b)  -> (artifact id: '544974d93e177555668e110fd20b1ea3') in 0.015478 seconds
  Import took 0.021169 seconds .

========================================================================
Received Import Request.
  Time since last request: 299.119856 seconds.
  path: Assets/Scripts/Nodo.cs
  artifactKey: Guid(6d2b624a440034b5da713f4f3907b0a9) Importer(815301076,1909f56bfc062723c751e8b465ee728b)
Start importing Assets/Scripts/Nodo.cs using Guid(6d2b624a440034b5da713f4f3907b0a9) Importer(815301076,1909f56bfc062723c751e8b465ee728b)  -> (artifact id: '61288bd18edfc7bd321abe0163d2762d') in 0.009308 seconds
  Import took 0.014212 seconds .

========================================================================
Received Prepare
Registering precompiled user dll's ...
Registered in 0.004197 seconds.
Begin MonoManager ReloadAssembly
Native extension for OSXStandalone target not found
Native extension for WebGL target not found
Refreshing native plugins compatible for Editor in 0.49 ms, found 2 plugins.
Preloading 0 native plugins for Editor in 0.00 ms.
Mono: successfully reloaded assembly
- Completed reload, in  1.318 seconds
Platform modules already initialized, skipping
Refreshing native plugins compatible for Editor in 0.31 ms, found 2 plugins.
Preloading 0 native plugins for Editor in 0.00 ms.
Unloading 1387 Unused Serialized files (Serialized files now loaded: 0)
System memory in use before: 177.1 MB.
System memory in use after: 177.3 MB.

Unloading 13 unused Assets to reduce memory usage. Loaded Objects now: 1838.
Total: 1.984257 ms (FindLiveObjects: 0.171274 ms CreateObjectMapping: 0.045428 ms MarkObjects: 1.734368 ms  DeleteObjects: 0.031938 ms)

========================================================================
Received Import Request.
  Time since last request: 7.284109 seconds.
  path: Assets/Resources/Prefabs/HexagonoAgua.prefab
  artifactKey: Guid(f7ecd43f81aa64fc884610dcc405d96d) Importer(815301076,1909f56bfc062723c751e8b465ee728b)
Start importing Assets/Resources/Prefabs/HexagonoAgua.prefab using Guid(f7ecd43f81aa64fc884610dcc405d96d) Importer(815301076,1909f56bfc062723c751e8b465ee728b)  -> (artifact id: '18bfa96bd8d34554ef8fb18d90da2e78') in 0.079484 seconds
  Import took 0.083485 seconds .

========================================================================
Received Import Request.
  Time since last request: 0.000286 seconds.
  path: Assets/Resources/Prefabs/HexagonoDesierto.prefab
  artifactKey: Guid(e34a786d7ff22463b99079684f2160ca) Importer(815301076,1909f56bfc062723c751e8b465ee728b)
Start importing Assets/Resources/Prefabs/HexagonoDesierto.prefab using Guid(e34a786d7ff22463b99079684f2160ca) Importer(815301076,1909f56bfc062723c751e8b465ee728b)  -> (artifact id: '5b23d8480cb1fbe03c1f1424af87a310') in 0.017096 seconds
  Import took 0.020798 seconds .

========================================================================
Received Import Request.
  Time since last request: 0.000290 seconds.
  path: Assets/Resources/Prefabs/HexagonoBosque.prefab
  artifactKey: Guid(f7a05b9724dd5415b96e5cf974e9af6a) Importer(815301076,1909f56bfc062723c751e8b465ee728b)
Start importing Assets/Resources/Prefabs/HexagonoBosque.prefab using Guid(f7a05b9724dd5415b96e5cf974e9af6a) Importer(815301076,1909f56bfc062723c751e8b465ee728b)  -> (artifact id: 'ccbc2237affe79f7d3b1c4a4038a22ba') in 0.034945 seconds
  Import took 0.037852 seconds .

========================================================================
Received Import Request.
  Time since last request: 0.000188 seconds.
  path: Assets/Resources/Prefabs/HexagonoMontaña.prefab
  artifactKey: Guid(13454c2c315df47b5a1a5baa684c4e42) Importer(815301076,1909f56bfc062723c751e8b465ee728b)
Start importing Assets/Resources/Prefabs/HexagonoMontaña.prefab using Guid(13454c2c315df47b5a1a5baa684c4e42) Importer(815301076,1909f56bfc062723c751e8b465ee728b)  -> (artifact id: '4e2c244df8b50804bfd401eccd1494ac') in 0.020145 seconds
  Import took 0.023773 seconds .

========================================================================
Received Import Request.
  Time since last request: 0.000252 seconds.
  path: Assets/Resources/Prefabs/HexagonoPasto.prefab
  artifactKey: Guid(2150a33865fbe4846aad1b5f7ae8b040) Importer(815301076,1909f56bfc062723c751e8b465ee728b)
Start importing Assets/Resources/Prefabs/HexagonoPasto.prefab using Guid(2150a33865fbe4846aad1b5f7ae8b040) Importer(815301076,1909f56bfc062723c751e8b465ee728b)  -> (artifact id: '23eef7dad3773fdf0b9e531af0f18871') in 0.021270 seconds
  Import took 0.024288 seconds .

========================================================================
Received Import Request.
  Time since last request: 12.172448 seconds.
  path: Assets/Resources/Prefabs/HexagonoAgua.prefab
  artifactKey: Guid(f7ecd43f81aa64fc884610dcc405d96d) Importer(815301076,1909f56bfc062723c751e8b465ee728b)
Start importing Assets/Resources/Prefabs/HexagonoAgua.prefab using Guid(f7ecd43f81aa64fc884610dcc405d96d) Importer(815301076,1909f56bfc062723c751e8b465ee728b)  -> (artifact id: '6c66f6e50ef0d65cbf2ca417233bb229') in 0.012842 seconds
  Import took 0.016006 seconds .

========================================================================
Received Import Request.
  Time since last request: 11.335624 seconds.
  path: Assets/Resources/Prefabs/HexagonoBosque.prefab
  artifactKey: Guid(f7a05b9724dd5415b96e5cf974e9af6a) Importer(815301076,1909f56bfc062723c751e8b465ee728b)
Start importing Assets/Resources/Prefabs/HexagonoBosque.prefab using Guid(f7a05b9724dd5415b96e5cf974e9af6a) Importer(815301076,1909f56bfc062723c751e8b465ee728b)  -> (artifact id: 'b5f4c6bea9e841ef4c9166db8b91723e') in 0.018122 seconds
  Import took 0.022211 seconds .

========================================================================
Received Import Request.
  Time since last request: 5.382085 seconds.
  path: Assets/Resources/Prefabs/HexagonoPasto.prefab
  artifactKey: Guid(2150a33865fbe4846aad1b5f7ae8b040) Importer(815301076,1909f56bfc062723c751e8b465ee728b)
Start importing Assets/Resources/Prefabs/HexagonoPasto.prefab using Guid(2150a33865fbe4846aad1b5f7ae8b040) Importer(815301076,1909f56bfc062723c751e8b465ee728b)  -> (artifact id: 'fb54945d696df79a8b6b353b960a35f3') in 0.018449 seconds
  Import took 0.021964 seconds .

========================================================================
Received Import Request.
  Time since last request: 8.910031 seconds.
  path: Assets/Resources/Prefabs/HexagonoDesierto.prefab
  artifactKey: Guid(e34a786d7ff22463b99079684f2160ca) Importer(815301076,1909f56bfc062723c751e8b465ee728b)
Start importing Assets/Resources/Prefabs/HexagonoDesierto.prefab using Guid(e34a786d7ff22463b99079684f2160ca) Importer(815301076,1909f56bfc062723c751e8b465ee728b)  -> (artifact id: '71d727adb31b62afaa0a9b77bf263475') in 0.017730 seconds
  Import took 0.021418 seconds .

========================================================================
Received Import Request.
  Time since last request: 8.815591 seconds.
  path: Assets/Resources/Prefabs/HexagonoMontaña.prefab
  artifactKey: Guid(13454c2c315df47b5a1a5baa684c4e42) Importer(815301076,1909f56bfc062723c751e8b465ee728b)
Start importing Assets/Resources/Prefabs/HexagonoMontaña.prefab using Guid(13454c2c315df47b5a1a5baa684c4e42) Importer(815301076,1909f56bfc062723c751e8b465ee728b)  -> (artifact id: 'f5c0f1d231736209dee0b7810cc33e85') in 0.018299 seconds
  Import took 0.024650 seconds .

========================================================================
Received Prepare
Registering precompiled user dll's ...
Registered in 0.008852 seconds.
Begin MonoManager ReloadAssembly
Native extension for OSXStandalone target not found
Native extension for WebGL target not found
Refreshing native plugins compatible for Editor in 0.35 ms, found 2 plugins.
Preloading 0 native plugins for Editor in 0.00 ms.
Mono: successfully reloaded assembly
- Completed reload, in  3.066 seconds
Platform modules already initialized, skipping
Refreshing native plugins compatible for Editor in 0.33 ms, found 2 plugins.
Preloading 0 native plugins for Editor in 0.00 ms.
Unloading 1387 Unused Serialized files (Serialized files now loaded: 0)
System memory in use before: 177.6 MB.
System memory in use after: 177.7 MB.

Unloading 13 unused Assets to reduce memory usage. Loaded Objects now: 1842.
Total: 2.446805 ms (FindLiveObjects: 0.162352 ms CreateObjectMapping: 0.047240 ms MarkObjects: 2.212616 ms  DeleteObjects: 0.023456 ms)

========================================================================
Received Prepare
Registering precompiled user dll's ...
Registered in 0.002439 seconds.
Begin MonoManager ReloadAssembly
Native extension for OSXStandalone target not found
Native extension for WebGL target not found
Refreshing native plugins compatible for Editor in 0.34 ms, found 2 plugins.
Preloading 0 native plugins for Editor in 0.00 ms.
Mono: successfully reloaded assembly
- Completed reload, in  1.365 seconds
Platform modules already initialized, skipping
Refreshing native plugins compatible for Editor in 0.58 ms, found 2 plugins.
Preloading 0 native plugins for Editor in 0.00 ms.
Unloading 1387 Unused Serialized files (Serialized files now loaded: 0)
System memory in use before: 177.8 MB.
System memory in use after: 177.9 MB.

Unloading 13 unused Assets to reduce memory usage. Loaded Objects now: 1845.
Total: 2.196310 ms (FindLiveObjects: 0.214099 ms CreateObjectMapping: 0.077671 ms MarkObjects: 1.883091 ms  DeleteObjects: 0.020341 ms)

========================================================================
Received Prepare
Registering precompiled user dll's ...
Registered in 0.017437 seconds.
Begin MonoManager ReloadAssembly
Native extension for OSXStandalone target not found
Native extension for WebGL target not found
Refreshing native plugins compatible for Editor in 0.43 ms, found 2 plugins.
Preloading 0 native plugins for Editor in 0.00 ms.
Mono: successfully reloaded assembly
- Completed reload, in  2.233 seconds
Platform modules already initialized, skipping
Refreshing native plugins compatible for Editor in 0.91 ms, found 2 plugins.
Preloading 0 native plugins for Editor in 0.00 ms.
Unloading 1387 Unused Serialized files (Serialized files now loaded: 0)
System memory in use before: 177.9 MB.
System memory in use after: 178.1 MB.

Unloading 13 unused Assets to reduce memory usage. Loaded Objects now: 1848.
Total: 4.641581 ms (FindLiveObjects: 0.212908 ms CreateObjectMapping: 0.074916 ms MarkObjects: 4.254176 ms  DeleteObjects: 0.096387 ms)

========================================================================
Received Prepare
Registering precompiled user dll's ...
Registered in 0.003704 seconds.
Begin MonoManager ReloadAssembly
Native extension for OSXStandalone target not found
Native extension for WebGL target not found
Refreshing native plugins compatible for Editor in 0.36 ms, found 2 plugins.
Preloading 0 native plugins for Editor in 0.00 ms.
Mono: successfully reloaded assembly
- Completed reload, in  1.300 seconds
Platform modules already initialized, skipping
Refreshing native plugins compatible for Editor in 0.34 ms, found 2 plugins.
Preloading 0 native plugins for Editor in 0.00 ms.
Unloading 1387 Unused Serialized files (Serialized files now loaded: 0)
System memory in use before: 178.1 MB.
System memory in use after: 178.2 MB.

Unloading 13 unused Assets to reduce memory usage. Loaded Objects now: 1851.
Total: 3.155383 ms (FindLiveObjects: 0.179196 ms CreateObjectMapping: 0.060261 ms MarkObjects: 2.889212 ms  DeleteObjects: 0.025404 ms)

========================================================================
Received Prepare
Registering precompiled user dll's ...
Registered in 0.001780 seconds.
Begin MonoManager ReloadAssembly
Native extension for OSXStandalone target not found
Native extension for WebGL target not found
Refreshing native plugins compatible for Editor in 0.41 ms, found 2 plugins.
Preloading 0 native plugins for Editor in 0.00 ms.
Mono: successfully reloaded assembly
- Completed reload, in  1.335 seconds
Platform modules already initialized, skipping
Refreshing native plugins compatible for Editor in 0.43 ms, found 2 plugins.
Preloading 0 native plugins for Editor in 0.00 ms.
Unloading 1387 Unused Serialized files (Serialized files now loaded: 0)
System memory in use before: 178.3 MB.
System memory in use after: 178.4 MB.

Unloading 13 unused Assets to reduce memory usage. Loaded Objects now: 1854.
Total: 3.567823 ms (FindLiveObjects: 0.213591 ms CreateObjectMapping: 0.069832 ms MarkObjects: 3.260291 ms  DeleteObjects: 0.022807 ms)

========================================================================
Received Prepare
Registering precompiled user dll's ...
Registered in 0.004891 seconds.
Begin MonoManager ReloadAssembly
Native extension for OSXStandalone target not found
Native extension for WebGL target not found
Refreshing native plugins compatible for Editor in 0.49 ms, found 2 plugins.
Preloading 0 native plugins for Editor in 0.00 ms.
Mono: successfully reloaded assembly
- Completed reload, in  1.287 seconds
Platform modules already initialized, skipping
Refreshing native plugins compatible for Editor in 0.39 ms, found 2 plugins.
Preloading 0 native plugins for Editor in 0.00 ms.
Unloading 1387 Unused Serialized files (Serialized files now loaded: 0)
System memory in use before: 178.5 MB.
System memory in use after: 178.6 MB.

Unloading 13 unused Assets to reduce memory usage. Loaded Objects now: 1857.
Total: 1.871497 ms (FindLiveObjects: 0.170264 ms CreateObjectMapping: 0.044103 ms MarkObjects: 1.638304 ms  DeleteObjects: 0.017869 ms)

========================================================================
Received Prepare
Registering precompiled user dll's ...
Registered in 0.007941 seconds.
Begin MonoManager ReloadAssembly
Native extension for OSXStandalone target not found
Native extension for WebGL target not found
Refreshing native plugins compatible for Editor in 0.34 ms, found 2 plugins.
Preloading 0 native plugins for Editor in 0.00 ms.
Mono: successfully reloaded assembly
- Completed reload, in  1.511 seconds
Platform modules already initialized, skipping
Refreshing native plugins compatible for Editor in 0.40 ms, found 2 plugins.
Preloading 0 native plugins for Editor in 0.00 ms.
Unloading 1387 Unused Serialized files (Serialized files now loaded: 0)
System memory in use before: 178.7 MB.
System memory in use after: 178.8 MB.

Unloading 13 unused Assets to reduce memory usage. Loaded Objects now: 1860.
Total: 2.472282 ms (FindLiveObjects: 0.205555 ms CreateObjectMapping: 0.048674 ms MarkObjects: 2.190666 ms  DeleteObjects: 0.025941 ms)

========================================================================
Received Prepare
Registering precompiled user dll's ...
Registered in 0.006099 seconds.
Begin MonoManager ReloadAssembly
Native extension for OSXStandalone target not found
Native extension for WebGL target not found
Refreshing native plugins compatible for Editor in 0.34 ms, found 2 plugins.
Preloading 0 native plugins for Editor in 0.00 ms.
Mono: successfully reloaded assembly
- Completed reload, in  1.393 seconds
Platform modules already initialized, skipping
Refreshing native plugins compatible for Editor in 0.37 ms, found 2 plugins.
Preloading 0 native plugins for Editor in 0.00 ms.
Unloading 1387 Unused Serialized files (Serialized files now loaded: 0)
System memory in use before: 178.9 MB.
System memory in use after: 179.0 MB.

Unloading 13 unused Assets to reduce memory usage. Loaded Objects now: 1863.
Total: 3.713633 ms (FindLiveObjects: 0.254844 ms CreateObjectMapping: 0.064447 ms MarkObjects: 3.365473 ms  DeleteObjects: 0.027781 ms)

========================================================================
Received Prepare
Registering precompiled user dll's ...
Registered in 0.015068 seconds.
Begin MonoManager ReloadAssembly
Native extension for OSXStandalone target not found
Native extension for WebGL target not found
Refreshing native plugins compatible for Editor in 2.19 ms, found 2 plugins.
Preloading 0 native plugins for Editor in 0.00 ms.
Mono: successfully reloaded assembly
- Completed reload, in  2.905 seconds
Platform modules already initialized, skipping
Refreshing native plugins compatible for Editor in 0.94 ms, found 2 plugins.
Preloading 0 native plugins for Editor in 0.00 ms.
Unloading 1387 Unused Serialized files (Serialized files now loaded: 0)
System memory in use before: 179.1 MB.
System memory in use after: 179.2 MB.

Unloading 13 unused Assets to reduce memory usage. Loaded Objects now: 1866.
Total: 5.531285 ms (FindLiveObjects: 0.514372 ms CreateObjectMapping: 0.113776 ms MarkObjects: 4.869234 ms  DeleteObjects: 0.030235 ms)

========================================================================
Received Prepare
Registering precompiled user dll's ...
Registered in 0.001672 seconds.
Begin MonoManager ReloadAssembly
Native extension for OSXStandalone target not found
Native extension for WebGL target not found
Refreshing native plugins compatible for Editor in 0.34 ms, found 2 plugins.
Preloading 0 native plugins for Editor in 0.00 ms.
Mono: successfully reloaded assembly
- Completed reload, in  1.263 seconds
Platform modules already initialized, skipping
Refreshing native plugins compatible for Editor in 0.33 ms, found 2 plugins.
Preloading 0 native plugins for Editor in 0.00 ms.
Unloading 1387 Unused Serialized files (Serialized files now loaded: 0)
System memory in use before: 179.2 MB.
System memory in use after: 179.4 MB.

Unloading 13 unused Assets to reduce memory usage. Loaded Objects now: 1869.
Total: 2.169542 ms (FindLiveObjects: 0.222748 ms CreateObjectMapping: 0.047311 ms MarkObjects: 1.877644 ms  DeleteObjects: 0.020579 ms)

========================================================================
Received Prepare
Registering precompiled user dll's ...
Registered in 0.008535 seconds.
Begin MonoManager ReloadAssembly
Native extension for OSXStandalone target not found
Native extension for WebGL target not found
Refreshing native plugins compatible for Editor in 0.44 ms, found 2 plugins.
Preloading 0 native plugins for Editor in 0.00 ms.
Mono: successfully reloaded assembly
- Completed reload, in  1.606 seconds
Platform modules already initialized, skipping
Refreshing native plugins compatible for Editor in 0.41 ms, found 2 plugins.
Preloading 0 native plugins for Editor in 0.00 ms.
Unloading 1387 Unused Serialized files (Serialized files now loaded: 0)
System memory in use before: 179.4 MB.
System memory in use after: 179.6 MB.

Unloading 13 unused Assets to reduce memory usage. Loaded Objects now: 1872.
Total: 4.665709 ms (FindLiveObjects: 0.245679 ms CreateObjectMapping: 0.089615 ms MarkObjects: 4.302580 ms  DeleteObjects: 0.026258 ms)

========================================================================
Received Prepare
Registering precompiled user dll's ...
Registered in 0.003302 seconds.
Begin MonoManager ReloadAssembly
Native extension for OSXStandalone target not found
Native extension for WebGL target not found
Refreshing native plugins compatible for Editor in 0.48 ms, found 2 plugins.
Preloading 0 native plugins for Editor in 0.00 ms.
Mono: successfully reloaded assembly
- Completed reload, in  1.312 seconds
Platform modules already initialized, skipping
Refreshing native plugins compatible for Editor in 0.33 ms, found 2 plugins.
Preloading 0 native plugins for Editor in 0.00 ms.
Unloading 1387 Unused Serialized files (Serialized files now loaded: 0)
System memory in use before: 179.6 MB.
System memory in use after: 179.7 MB.

Unloading 13 unused Assets to reduce memory usage. Loaded Objects now: 1875.
Total: 2.885620 ms (FindLiveObjects: 0.353456 ms CreateObjectMapping: 0.121665 ms MarkObjects: 2.389067 ms  DeleteObjects: 0.020369 ms)

========================================================================
Received Prepare
Registering precompiled user dll's ...
Registered in 0.006995 seconds.
Begin MonoManager ReloadAssembly
Native extension for OSXStandalone target not found
Native extension for WebGL target not found
Refreshing native plugins compatible for Editor in 0.34 ms, found 2 plugins.
Preloading 0 native plugins for Editor in 0.00 ms.
Mono: successfully reloaded assembly
- Completed reload, in  1.227 seconds
Platform modules already initialized, skipping
Refreshing native plugins compatible for Editor in 0.31 ms, found 2 plugins.
Preloading 0 native plugins for Editor in 0.00 ms.
Unloading 1387 Unused Serialized files (Serialized files now loaded: 0)
System memory in use before: 179.8 MB.
System memory in use after: 179.9 MB.

Unloading 13 unused Assets to reduce memory usage. Loaded Objects now: 1878.
Total: 1.740548 ms (FindLiveObjects: 0.162955 ms CreateObjectMapping: 0.036915 ms MarkObjects: 1.524731 ms  DeleteObjects: 0.015177 ms)

========================================================================
Received Prepare
Registering precompiled user dll's ...
Registered in 0.001659 seconds.
Begin MonoManager ReloadAssembly
Native extension for OSXStandalone target not found
Native extension for WebGL target not found
Refreshing native plugins compatible for Editor in 0.63 ms, found 2 plugins.
Preloading 0 native plugins for Editor in 0.00 ms.
Mono: successfully reloaded assembly
- Completed reload, in  1.572 seconds
Platform modules already initialized, skipping
Refreshing native plugins compatible for Editor in 0.38 ms, found 2 plugins.
Preloading 0 native plugins for Editor in 0.00 ms.
Unloading 1387 Unused Serialized files (Serialized files now loaded: 0)
System memory in use before: 180.0 MB.
System memory in use after: 180.1 MB.

Unloading 13 unused Assets to reduce memory usage. Loaded Objects now: 1881.
Total: 3.133573 ms (FindLiveObjects: 0.344238 ms CreateObjectMapping: 0.120411 ms MarkObjects: 2.644683 ms  DeleteObjects: 0.022345 ms)

========================================================================
Received Prepare
Registering precompiled user dll's ...
Registered in 0.007584 seconds.
Begin MonoManager ReloadAssembly
Native extension for OSXStandalone target not found
Native extension for WebGL target not found
Refreshing native plugins compatible for Editor in 0.39 ms, found 2 plugins.
Preloading 0 native plugins for Editor in 0.00 ms.
Mono: successfully reloaded assembly
- Completed reload, in  1.667 seconds
Platform modules already initialized, skipping
Refreshing native plugins compatible for Editor in 0.39 ms, found 2 plugins.
Preloading 0 native plugins for Editor in 0.00 ms.
Unloading 1387 Unused Serialized files (Serialized files now loaded: 0)
System memory in use before: 180.2 MB.
System memory in use after: 180.3 MB.

Unloading 13 unused Assets to reduce memory usage. Loaded Objects now: 1884.
Total: 2.393736 ms (FindLiveObjects: 0.281019 ms CreateObjectMapping: 0.073783 ms MarkObjects: 2.015014 ms  DeleteObjects: 0.022680 ms)

========================================================================
Received Prepare
Registering precompiled user dll's ...
Registered in 0.003025 seconds.
Begin MonoManager ReloadAssembly
Native extension for OSXStandalone target not found
Native extension for WebGL target not found
Refreshing native plugins compatible for Editor in 0.36 ms, found 2 plugins.
Preloading 0 native plugins for Editor in 0.00 ms.
Mono: successfully reloaded assembly
- Completed reload, in  1.444 seconds
Platform modules already initialized, skipping
Refreshing native plugins compatible for Editor in 0.94 ms, found 2 plugins.
Preloading 0 native plugins for Editor in 0.00 ms.
Unloading 1387 Unused Serialized files (Serialized files now loaded: 0)
System memory in use before: 180.4 MB.
System memory in use after: 180.5 MB.

Unloading 13 unused Assets to reduce memory usage. Loaded Objects now: 1887.
Total: 1.863415 ms (FindLiveObjects: 0.281506 ms CreateObjectMapping: 0.041746 ms MarkObjects: 1.524065 ms  DeleteObjects: 0.015142 ms)

========================================================================
Received Prepare
Registering precompiled user dll's ...
Registered in 0.003484 seconds.
Begin MonoManager ReloadAssembly
Native extension for OSXStandalone target not found
Native extension for WebGL target not found
Refreshing native plugins compatible for Editor in 0.33 ms, found 2 plugins.
Preloading 0 native plugins for Editor in 0.00 ms.
Mono: successfully reloaded assembly
- Completed reload, in  1.204 seconds
Platform modules already initialized, skipping
Refreshing native plugins compatible for Editor in 0.30 ms, found 2 plugins.
Preloading 0 native plugins for Editor in 0.00 ms.
Unloading 1387 Unused Serialized files (Serialized files now loaded: 0)
System memory in use before: 180.5 MB.
System memory in use after: 180.7 MB.

Unloading 13 unused Assets to reduce memory usage. Loaded Objects now: 1890.
Total: 1.859519 ms (FindLiveObjects: 0.167190 ms CreateObjectMapping: 0.041665 ms MarkObjects: 1.634538 ms  DeleteObjects: 0.015344 ms)

========================================================================
Received Prepare
Registering precompiled user dll's ...
Registered in 0.003641 seconds.
Begin MonoManager ReloadAssembly
Native extension for OSXStandalone target not found
Native extension for WebGL target not found
Refreshing native plugins compatible for Editor in 0.41 ms, found 2 plugins.
Preloading 0 native plugins for Editor in 0.00 ms.
Mono: successfully reloaded assembly
- Completed reload, in  1.156 seconds
Platform modules already initialized, skipping
Refreshing native plugins compatible for Editor in 0.27 ms, found 2 plugins.
Preloading 0 native plugins for Editor in 0.00 ms.
Unloading 1387 Unused Serialized files (Serialized files now loaded: 0)
System memory in use before: 180.7 MB.
System memory in use after: 180.8 MB.

Unloading 13 unused Assets to reduce memory usage. Loaded Objects now: 1893.
Total: 1.785963 ms (FindLiveObjects: 0.145327 ms CreateObjectMapping: 0.040733 ms MarkObjects: 1.584228 ms  DeleteObjects: 0.014981 ms)

========================================================================
Received Prepare
Registering precompiled user dll's ...
Registered in 0.008304 seconds.
Begin MonoManager ReloadAssembly
Native extension for OSXStandalone target not found
Native extension for WebGL target not found
Refreshing native plugins compatible for Editor in 1.33 ms, found 2 plugins.
Preloading 0 native plugins for Editor in 0.00 ms.
Mono: successfully reloaded assembly
- Completed reload, in  2.373 seconds
Platform modules already initialized, skipping
Refreshing native plugins compatible for Editor in 0.91 ms, found 2 plugins.
Preloading 0 native plugins for Editor in 0.00 ms.
Unloading 1387 Unused Serialized files (Serialized files now loaded: 0)
System memory in use before: 180.9 MB.
System memory in use after: 181.0 MB.

Unloading 13 unused Assets to reduce memory usage. Loaded Objects now: 1896.
Total: 7.044995 ms (FindLiveObjects: 0.868349 ms CreateObjectMapping: 0.248950 ms MarkObjects: 5.808436 ms  DeleteObjects: 0.112867 ms)

========================================================================
Received Prepare
Registering precompiled user dll's ...
Registered in 0.004769 seconds.
Begin MonoManager ReloadAssembly
Native extension for OSXStandalone target not found
Native extension for WebGL target not found
Refreshing native plugins compatible for Editor in 0.35 ms, found 2 plugins.
Preloading 0 native plugins for Editor in 0.00 ms.
Mono: successfully reloaded assembly
- Completed reload, in  1.229 seconds
Platform modules already initialized, skipping
Refreshing native plugins compatible for Editor in 0.39 ms, found 2 plugins.
Preloading 0 native plugins for Editor in 0.00 ms.
Unloading 1387 Unused Serialized files (Serialized files now loaded: 0)
System memory in use before: 181.1 MB.
System memory in use after: 181.2 MB.

Unloading 13 unused Assets to reduce memory usage. Loaded Objects now: 1899.
Total: 2.662082 ms (FindLiveObjects: 0.179200 ms CreateObjectMapping: 0.043893 ms MarkObjects: 2.412857 ms  DeleteObjects: 0.024938 ms)

========================================================================
Received Prepare
Registering precompiled user dll's ...
Registered in 0.003076 seconds.
Begin MonoManager ReloadAssembly
Native extension for OSXStandalone target not found
Native extension for WebGL target not found
Refreshing native plugins compatible for Editor in 0.41 ms, found 2 plugins.
Preloading 0 native plugins for Editor in 0.00 ms.
Mono: successfully reloaded assembly
- Completed reload, in  2.338 seconds
Platform modules already initialized, skipping
Refreshing native plugins compatible for Editor in 0.49 ms, found 2 plugins.
Preloading 0 native plugins for Editor in 0.00 ms.
Unloading 1387 Unused Serialized files (Serialized files now loaded: 0)
System memory in use before: 181.3 MB.
System memory in use after: 181.4 MB.

Unloading 13 unused Assets to reduce memory usage. Loaded Objects now: 1902.
Total: 2.200218 ms (FindLiveObjects: 0.178123 ms CreateObjectMapping: 0.047770 ms MarkObjects: 1.946533 ms  DeleteObjects: 0.026632 ms)

========================================================================
Received Prepare
Registering precompiled user dll's ...
Registered in 0.011725 seconds.
Begin MonoManager ReloadAssembly
Native extension for OSXStandalone target not found
Native extension for WebGL target not found
Refreshing native plugins compatible for Editor in 0.37 ms, found 2 plugins.
Preloading 0 native plugins for Editor in 0.00 ms.
Mono: successfully reloaded assembly
- Completed reload, in  1.431 seconds
Platform modules already initialized, skipping
Refreshing native plugins compatible for Editor in 0.34 ms, found 2 plugins.
Preloading 0 native plugins for Editor in 0.00 ms.
Unloading 1387 Unused Serialized files (Serialized files now loaded: 0)
System memory in use before: 181.9 MB.
System memory in use after: 182.0 MB.

Unloading 13 unused Assets to reduce memory usage. Loaded Objects now: 1905.
Total: 2.567397 ms (FindLiveObjects: 0.294468 ms CreateObjectMapping: 0.099772 ms MarkObjects: 2.097937 ms  DeleteObjects: 0.073903 ms)

