Using pre-set license

 COMMAND LINE ARGUMENTS:
/Applications/Unity/Hub/Editor/2020.3.10f1/Unity.app/Contents/MacOS/Unity
-adb2
-batchMode
-noUpm
-name
AssetImportWorker1
-projectPath
/Users/user/Documents/PPOP_Challenge/PPOP_ChallengeProject/PandaPopChallenge
-logFile
Logs/AssetImportWorker1.log
-srvPort
56517
Successfully changed project path to: /Users/user/Documents/PPOP_Challenge/PPOP_ChallengeProject/PandaPopChallenge
/Users/user/Documents/PPOP_Challenge/PPOP_ChallengeProject/PandaPopChallenge
Using Asset Import Pipeline V2.
Refreshing native plugins compatible for Editor in 42.08 ms, found 2 plugins.
Preloading 0 native plugins for Editor in 0.00 ms.
Initialize engine version: 2020.3.10f1 (297d780c91bc)
[Subsystems] Discovering subsystems at path /Applications/Unity/Hub/Editor/2020.3.10f1/Unity.app/Contents/Resources/UnitySubsystems
[Subsystems] Discovering subsystems at path /Users/user/Documents/PPOP_Challenge/PPOP_ChallengeProject/PandaPopChallenge/Assets
GfxDevice: creating device client; threaded=0
2021-10-22 20:39:58.286 Unity[52804:1353353] Color LCD preferred device: Intel(R) Iris(TM) Plus Graphics 655 (low power)
2021-10-22 20:39:58.286 Unity[52804:1353353] Metal devices available: 1
2021-10-22 20:39:58.286 Unity[52804:1353353] 0: Intel(R) Iris(TM) Plus Graphics 655 (low power)
2021-10-22 20:39:58.286 Unity[52804:1353353] Using device Intel(R) Iris(TM) Plus Graphics 655 (low power)
Initializing Metal device caps: Intel(R) Iris(TM) Plus Graphics 655
Initialize mono
Mono path[0] = '/Applications/Unity/Hub/Editor/2020.3.10f1/Unity.app/Contents/Managed'
Mono path[1] = '/Applications/Unity/Hub/Editor/2020.3.10f1/Unity.app/Contents/MonoBleedingEdge/lib/mono/unityjit'
Mono config path = '/Applications/Unity/Hub/Editor/2020.3.10f1/Unity.app/Contents/MonoBleedingEdge/etc'
Using monoOptions --debugger-agent=transport=dt_socket,embedding=1,server=y,suspend=n,address=127.0.0.1:56804
Begin MonoManager ReloadAssembly
Registering precompiled unity dll's ...
Register platform support module: /Applications/Unity/Hub/Editor/2020.3.10f1/PlaybackEngines/WebGLSupport/UnityEditor.WebGL.Extensions.dll
Register platform support module: /Applications/Unity/Hub/Editor/2020.3.10f1/Unity.app/Contents/PlaybackEngines/MacStandaloneSupport/UnityEditor.OSXStandalone.Extensions.dll
Registered in 0.003203 seconds.
Native extension for OSXStandalone target not found
Native extension for WebGL target not found
Refreshing native plugins compatible for Editor in 28.62 ms, found 2 plugins.
Preloading 0 native plugins for Editor in 0.00 ms.
Mono: successfully reloaded assembly
- Completed reload, in  3.480 seconds
Platform modules already initialized, skipping
Registering precompiled user dll's ...
Registered in 0.008395 seconds.
Begin MonoManager ReloadAssembly
Native extension for OSXStandalone target not found
Native extension for WebGL target not found
Refreshing native plugins compatible for Editor in 0.46 ms, found 2 plugins.
Preloading 0 native plugins for Editor in 0.00 ms.
Mono: successfully reloaded assembly
- Completed reload, in  1.414 seconds
Platform modules already initialized, skipping
========================================================================
Worker process is ready to serve import requests
Launching external process: /Applications/Unity/Hub/Editor/2020.3.10f1/Unity.app/Contents/Tools/UnityShaderCompiler
Launched and connected shader compiler UnityShaderCompiler after 0.03 seconds
Refreshing native plugins compatible for Editor in 0.36 ms, found 2 plugins.
Preloading 0 native plugins for Editor in 0.00 ms.
Unloading 1389 Unused Serialized files (Serialized files now loaded: 0)
System memory in use before: 134.8 MB.
System memory in use after: 134.9 MB.

Unloading 18 unused Assets to reduce memory usage. Loaded Objects now: 1823.
Total: 7.694465 ms (FindLiveObjects: 0.263893 ms CreateObjectMapping: 0.069677 ms MarkObjects: 6.299229 ms  DeleteObjects: 1.060125 ms)

========================================================================
Received Import Request.
  path: Assets/Scripts/TileGenerator.cs
  artifactKey: Guid(c7d9437da2ec24792883188e5900129d) Importer(815301076,1909f56bfc062723c751e8b465ee728b)
Start importing Assets/Scripts/TileGenerator.cs using Guid(c7d9437da2ec24792883188e5900129d) Importer(815301076,1909f56bfc062723c751e8b465ee728b)  -> (artifact id: '98ba852652401ed25868e904f65c7e12') in 0.506644 seconds
  Import took 0.510527 seconds .

========================================================================
Received Prepare
Registering precompiled user dll's ...
Registered in 0.007738 seconds.
Begin MonoManager ReloadAssembly
Native extension for OSXStandalone target not found
Native extension for WebGL target not found
Refreshing native plugins compatible for Editor in 0.34 ms, found 2 plugins.
Preloading 0 native plugins for Editor in 0.00 ms.
Mono: successfully reloaded assembly
- Completed reload, in  1.414 seconds
Platform modules already initialized, skipping
Refreshing native plugins compatible for Editor in 0.31 ms, found 2 plugins.
Preloading 0 native plugins for Editor in 0.00 ms.
Unloading 1383 Unused Serialized files (Serialized files now loaded: 0)
System memory in use before: 144.9 MB.
System memory in use after: 145.0 MB.

Unloading 13 unused Assets to reduce memory usage. Loaded Objects now: 1826.
Total: 2.724994 ms (FindLiveObjects: 0.370819 ms CreateObjectMapping: 0.074666 ms MarkObjects: 2.237871 ms  DeleteObjects: 0.040503 ms)

========================================================================
Received Prepare
Registering precompiled user dll's ...
Registered in 0.001743 seconds.
Begin MonoManager ReloadAssembly
Native extension for OSXStandalone target not found
Native extension for WebGL target not found
Refreshing native plugins compatible for Editor in 0.35 ms, found 2 plugins.
Preloading 0 native plugins for Editor in 0.00 ms.
Mono: successfully reloaded assembly
- Completed reload, in  1.123 seconds
Platform modules already initialized, skipping
Refreshing native plugins compatible for Editor in 0.29 ms, found 2 plugins.
Preloading 0 native plugins for Editor in 0.00 ms.
Unloading 1383 Unused Serialized files (Serialized files now loaded: 0)
System memory in use before: 145.1 MB.
System memory in use after: 145.2 MB.

Unloading 13 unused Assets to reduce memory usage. Loaded Objects now: 1829.
Total: 1.972561 ms (FindLiveObjects: 0.147085 ms CreateObjectMapping: 0.041498 ms MarkObjects: 1.766949 ms  DeleteObjects: 0.016067 ms)

========================================================================
Received Prepare
Registering precompiled user dll's ...
Registered in 0.006366 seconds.
Begin MonoManager ReloadAssembly
Native extension for OSXStandalone target not found
Native extension for WebGL target not found
Refreshing native plugins compatible for Editor in 0.35 ms, found 2 plugins.
Preloading 0 native plugins for Editor in 0.00 ms.
Mono: successfully reloaded assembly
- Completed reload, in  1.309 seconds
Platform modules already initialized, skipping
Refreshing native plugins compatible for Editor in 0.26 ms, found 2 plugins.
Preloading 0 native plugins for Editor in 0.00 ms.
Unloading 1383 Unused Serialized files (Serialized files now loaded: 0)
System memory in use before: 145.3 MB.
System memory in use after: 145.4 MB.

Unloading 13 unused Assets to reduce memory usage. Loaded Objects now: 1832.
Total: 1.720218 ms (FindLiveObjects: 0.143505 ms CreateObjectMapping: 0.039099 ms MarkObjects: 1.521194 ms  DeleteObjects: 0.015536 ms)

========================================================================
Received Prepare
Registering precompiled user dll's ...
Registered in 0.001622 seconds.
Begin MonoManager ReloadAssembly
Native extension for OSXStandalone target not found
Native extension for WebGL target not found
Refreshing native plugins compatible for Editor in 0.33 ms, found 2 plugins.
Preloading 0 native plugins for Editor in 0.00 ms.
Mono: successfully reloaded assembly
- Completed reload, in  1.209 seconds
Platform modules already initialized, skipping
Refreshing native plugins compatible for Editor in 0.39 ms, found 2 plugins.
Preloading 0 native plugins for Editor in 0.00 ms.
Unloading 1383 Unused Serialized files (Serialized files now loaded: 0)
System memory in use before: 145.5 MB.
System memory in use after: 145.6 MB.

Unloading 13 unused Assets to reduce memory usage. Loaded Objects now: 1835.
Total: 1.990665 ms (FindLiveObjects: 0.207411 ms CreateObjectMapping: 0.083553 ms MarkObjects: 1.681489 ms  DeleteObjects: 0.017324 ms)

========================================================================
Received Prepare
Registering precompiled user dll's ...
Registered in 0.004397 seconds.
Begin MonoManager ReloadAssembly
Native extension for OSXStandalone target not found
Native extension for WebGL target not found
Refreshing native plugins compatible for Editor in 0.37 ms, found 2 plugins.
Preloading 0 native plugins for Editor in 0.00 ms.
Mono: successfully reloaded assembly
- Completed reload, in  1.270 seconds
Platform modules already initialized, skipping
Refreshing native plugins compatible for Editor in 0.29 ms, found 2 plugins.
Preloading 0 native plugins for Editor in 0.00 ms.
Unloading 1383 Unused Serialized files (Serialized files now loaded: 0)
System memory in use before: 145.7 MB.
System memory in use after: 145.8 MB.

Unloading 13 unused Assets to reduce memory usage. Loaded Objects now: 1838.
Total: 2.514378 ms (FindLiveObjects: 0.248633 ms CreateObjectMapping: 0.051163 ms MarkObjects: 2.135263 ms  DeleteObjects: 0.078396 ms)

========================================================================
Received Prepare
Registering precompiled user dll's ...
Registered in 0.010373 seconds.
Begin MonoManager ReloadAssembly
Native extension for OSXStandalone target not found
Native extension for WebGL target not found
Refreshing native plugins compatible for Editor in 0.34 ms, found 2 plugins.
Preloading 0 native plugins for Editor in 0.00 ms.
Mono: successfully reloaded assembly
- Completed reload, in  1.101 seconds
Platform modules already initialized, skipping
Refreshing native plugins compatible for Editor in 0.41 ms, found 2 plugins.
Preloading 0 native plugins for Editor in 0.00 ms.
Unloading 1383 Unused Serialized files (Serialized files now loaded: 0)
System memory in use before: 145.9 MB.
System memory in use after: 146.0 MB.

Unloading 13 unused Assets to reduce memory usage. Loaded Objects now: 1841.
Total: 1.871942 ms (FindLiveObjects: 0.154136 ms CreateObjectMapping: 0.045139 ms MarkObjects: 1.656575 ms  DeleteObjects: 0.015082 ms)

========================================================================
Received Prepare
Registering precompiled user dll's ...
Registered in 0.011440 seconds.
Begin MonoManager ReloadAssembly
Native extension for OSXStandalone target not found
Native extension for WebGL target not found
Refreshing native plugins compatible for Editor in 0.41 ms, found 2 plugins.
Preloading 0 native plugins for Editor in 0.00 ms.
Mono: successfully reloaded assembly
- Completed reload, in  1.287 seconds
Platform modules already initialized, skipping
Refreshing native plugins compatible for Editor in 0.31 ms, found 2 plugins.
Preloading 0 native plugins for Editor in 0.00 ms.
Unloading 1383 Unused Serialized files (Serialized files now loaded: 0)
System memory in use before: 146.1 MB.
System memory in use after: 146.2 MB.

Unloading 13 unused Assets to reduce memory usage. Loaded Objects now: 1844.
Total: 1.811783 ms (FindLiveObjects: 0.215358 ms CreateObjectMapping: 0.043010 ms MarkObjects: 1.529414 ms  DeleteObjects: 0.023042 ms)

========================================================================
Received Import Request.
  Time since last request: 31652.033021 seconds.
  path: Assets/Escena1.unity
  artifactKey: Guid(d78f9f261b51c4b65bd185864b01576c) Importer(815301076,1909f56bfc062723c751e8b465ee728b)
Start importing Assets/Escena1.unity using Guid(d78f9f261b51c4b65bd185864b01576c) Importer(815301076,1909f56bfc062723c751e8b465ee728b)  -> (artifact id: '95e6845d2bce1f8712a0dd4c4cc2390e') in 0.101196 seconds
  Import took 0.131863 seconds .

========================================================================
Received Import Request.
  Time since last request: 18.448599 seconds.
  path: Assets/Scenes
  artifactKey: Guid(f1ad671198190404abba143d565f9dc8) Importer(815301076,1909f56bfc062723c751e8b465ee728b)
Start importing Assets/Scenes using Guid(f1ad671198190404abba143d565f9dc8) Importer(815301076,1909f56bfc062723c751e8b465ee728b)  -> (artifact id: '439fb8e4973c896c4dcad8789ae3a9a7') in 0.007661 seconds
  Import took 0.012004 seconds .

========================================================================
Received Import Request.
  Time since last request: 11.997594 seconds.
  path: Assets/Scenes/New Scene.unity
  artifactKey: Guid(653401a2f458942f48a15b35243e08a6) Importer(815301076,1909f56bfc062723c751e8b465ee728b)
Start importing Assets/Scenes/New Scene.unity using Guid(653401a2f458942f48a15b35243e08a6) Importer(815301076,1909f56bfc062723c751e8b465ee728b)  -> (artifact id: '3a89b9c96d61b489653b64d825116748') in 0.002621 seconds
  Import took 0.010276 seconds .

========================================================================
Received Import Request.
  Time since last request: 23.849110 seconds.
  path: Assets/Scenes/MenuGamePlay.unity
  artifactKey: Guid(204e87d3b9bb5425986cd908f213cb2c) Importer(815301076,1909f56bfc062723c751e8b465ee728b)
Start importing Assets/Scenes/MenuGamePlay.unity using Guid(204e87d3b9bb5425986cd908f213cb2c) Importer(815301076,1909f56bfc062723c751e8b465ee728b)  -> (artifact id: '768620ef82208108f9f0c43554fa4328') in 0.006006 seconds
  Import took 0.010449 seconds .

========================================================================
Received Import Request.
  Time since last request: 14.530788 seconds.
  path: Assets/Scenes/Escena1.unity
  artifactKey: Guid(d78f9f261b51c4b65bd185864b01576c) Importer(815301076,1909f56bfc062723c751e8b465ee728b)
Start importing Assets/Scenes/Escena1.unity using Guid(d78f9f261b51c4b65bd185864b01576c) Importer(815301076,1909f56bfc062723c751e8b465ee728b)  -> (artifact id: '569d7e3bcc25b6c5360e4ca5dbf4f56a') in 0.006157 seconds
  Import took 0.012968 seconds .

========================================================================
Received Prepare
Registering precompiled user dll's ...
Registered in 0.010174 seconds.
Begin MonoManager ReloadAssembly
Native extension for OSXStandalone target not found
Native extension for WebGL target not found
Refreshing native plugins compatible for Editor in 0.36 ms, found 2 plugins.
Preloading 0 native plugins for Editor in 0.00 ms.
Mono: successfully reloaded assembly
- Completed reload, in  1.210 seconds
Platform modules already initialized, skipping
Refreshing native plugins compatible for Editor in 0.38 ms, found 2 plugins.
Preloading 0 native plugins for Editor in 0.00 ms.
Unloading 1383 Unused Serialized files (Serialized files now loaded: 0)
System memory in use before: 146.5 MB.
System memory in use after: 146.6 MB.

Unloading 13 unused Assets to reduce memory usage. Loaded Objects now: 1847.
Total: 2.099203 ms (FindLiveObjects: 0.240786 ms CreateObjectMapping: 0.049232 ms MarkObjects: 1.777891 ms  DeleteObjects: 0.030210 ms)

========================================================================
Received Import Request.
  Time since last request: 952.570997 seconds.
  path: Assets/Scripts/MainMenu.cs
  artifactKey: Guid(f137979264798414eb6f5306f3a0da56) Importer(815301076,1909f56bfc062723c751e8b465ee728b)
Start importing Assets/Scripts/MainMenu.cs using Guid(f137979264798414eb6f5306f3a0da56) Importer(815301076,1909f56bfc062723c751e8b465ee728b)  -> (artifact id: 'aa9603716a2238e961e8a10bcaf92595') in 0.075725 seconds
  Import took 0.094021 seconds .

========================================================================
Received Prepare
Registering precompiled user dll's ...
Registered in 0.004215 seconds.
Begin MonoManager ReloadAssembly
Native extension for OSXStandalone target not found
Native extension for WebGL target not found
Refreshing native plugins compatible for Editor in 0.35 ms, found 2 plugins.
Preloading 0 native plugins for Editor in 0.00 ms.
Mono: successfully reloaded assembly
- Completed reload, in  1.255 seconds
Platform modules already initialized, skipping
Refreshing native plugins compatible for Editor in 0.29 ms, found 2 plugins.
Preloading 0 native plugins for Editor in 0.00 ms.
Unloading 1384 Unused Serialized files (Serialized files now loaded: 0)
System memory in use before: 146.8 MB.
System memory in use after: 146.9 MB.

Unloading 13 unused Assets to reduce memory usage. Loaded Objects now: 1851.
Total: 2.198370 ms (FindLiveObjects: 0.222236 ms CreateObjectMapping: 0.043575 ms MarkObjects: 1.908038 ms  DeleteObjects: 0.023621 ms)

========================================================================
Received Prepare
Registering precompiled user dll's ...
Registered in 0.004334 seconds.
Begin MonoManager ReloadAssembly
Native extension for OSXStandalone target not found
Native extension for WebGL target not found
Refreshing native plugins compatible for Editor in 0.38 ms, found 2 plugins.
Preloading 0 native plugins for Editor in 0.00 ms.
Mono: successfully reloaded assembly
- Completed reload, in  1.306 seconds
Platform modules already initialized, skipping
Refreshing native plugins compatible for Editor in 0.28 ms, found 2 plugins.
Preloading 0 native plugins for Editor in 0.00 ms.
Unloading 1384 Unused Serialized files (Serialized files now loaded: 0)
System memory in use before: 147.0 MB.
System memory in use after: 147.1 MB.

Unloading 13 unused Assets to reduce memory usage. Loaded Objects now: 1854.
Total: 2.130699 ms (FindLiveObjects: 0.200262 ms CreateObjectMapping: 0.097883 ms MarkObjects: 1.787957 ms  DeleteObjects: 0.043547 ms)

========================================================================
Received Prepare
Registering precompiled user dll's ...
Registered in 0.003957 seconds.
Begin MonoManager ReloadAssembly
Native extension for OSXStandalone target not found
Native extension for WebGL target not found
Refreshing native plugins compatible for Editor in 0.34 ms, found 2 plugins.
Preloading 0 native plugins for Editor in 0.00 ms.
Mono: successfully reloaded assembly
- Completed reload, in  1.207 seconds
Platform modules already initialized, skipping
Refreshing native plugins compatible for Editor in 0.30 ms, found 2 plugins.
Preloading 0 native plugins for Editor in 0.00 ms.
Unloading 1384 Unused Serialized files (Serialized files now loaded: 0)
System memory in use before: 147.2 MB.
System memory in use after: 147.3 MB.

Unloading 13 unused Assets to reduce memory usage. Loaded Objects now: 1857.
Total: 2.560150 ms (FindLiveObjects: 0.220757 ms CreateObjectMapping: 0.056800 ms MarkObjects: 2.264215 ms  DeleteObjects: 0.017292 ms)

========================================================================
Received Import Request.
  Time since last request: 762.175555 seconds.
  path: Assets/Scenes/MenuGamePlay.unity
  artifactKey: Guid(204e87d3b9bb5425986cd908f213cb2c) Importer(815301076,1909f56bfc062723c751e8b465ee728b)
Start importing Assets/Scenes/MenuGamePlay.unity using Guid(204e87d3b9bb5425986cd908f213cb2c) Importer(815301076,1909f56bfc062723c751e8b465ee728b)  -> (artifact id: '272680065214c012165fb1a1e72f917a') in 0.021207 seconds
  Import took 0.026078 seconds .

========================================================================
Received Import Request.
  Time since last request: 0.002011 seconds.
  path: Assets/Scenes/MenuGamePlay.unity
  artifactKey: Guid(204e87d3b9bb5425986cd908f213cb2c) Importer(815301076,1909f56bfc062723c751e8b465ee728b)
Start importing Assets/Scenes/MenuGamePlay.unity using Guid(204e87d3b9bb5425986cd908f213cb2c) Importer(815301076,1909f56bfc062723c751e8b465ee728b)  -> (artifact id: '272680065214c012165fb1a1e72f917a') in 0.002814 seconds
  Import took 0.009533 seconds .

========================================================================
Received Prepare
Registering precompiled user dll's ...
Registered in 0.002485 seconds.
Begin MonoManager ReloadAssembly
Native extension for OSXStandalone target not found
Native extension for WebGL target not found
Refreshing native plugins compatible for Editor in 0.34 ms, found 2 plugins.
Preloading 0 native plugins for Editor in 0.00 ms.
Mono: successfully reloaded assembly
- Completed reload, in  1.106 seconds
Platform modules already initialized, skipping
Refreshing native plugins compatible for Editor in 0.33 ms, found 2 plugins.
Preloading 0 native plugins for Editor in 0.00 ms.
Unloading 1384 Unused Serialized files (Serialized files now loaded: 0)
System memory in use before: 147.4 MB.
System memory in use after: 147.5 MB.

Unloading 13 unused Assets to reduce memory usage. Loaded Objects now: 1860.
Total: 2.781811 ms (FindLiveObjects: 0.158099 ms CreateObjectMapping: 0.041979 ms MarkObjects: 2.564121 ms  DeleteObjects: 0.016791 ms)

========================================================================
Received Import Request.
  Time since last request: 141.996058 seconds.
  path: Assets/Scenes/Escena1.unity
  artifactKey: Guid(d78f9f261b51c4b65bd185864b01576c) Importer(815301076,1909f56bfc062723c751e8b465ee728b)
Start importing Assets/Scenes/Escena1.unity using Guid(d78f9f261b51c4b65bd185864b01576c) Importer(815301076,1909f56bfc062723c751e8b465ee728b)  -> (artifact id: '11004446ae845481faed0b423b7707d0') in 0.033388 seconds
  Import took 0.040388 seconds .

========================================================================
Received Prepare
Registering precompiled user dll's ...
Registered in 0.010322 seconds.
Begin MonoManager ReloadAssembly
Native extension for OSXStandalone target not found
Native extension for WebGL target not found
Refreshing native plugins compatible for Editor in 0.35 ms, found 2 plugins.
Preloading 0 native plugins for Editor in 0.00 ms.
Mono: successfully reloaded assembly
- Completed reload, in  1.286 seconds
Platform modules already initialized, skipping
Refreshing native plugins compatible for Editor in 0.28 ms, found 2 plugins.
Preloading 0 native plugins for Editor in 0.00 ms.
Unloading 1384 Unused Serialized files (Serialized files now loaded: 0)
System memory in use before: 147.6 MB.
System memory in use after: 147.7 MB.

Unloading 13 unused Assets to reduce memory usage. Loaded Objects now: 1863.
Total: 2.568909 ms (FindLiveObjects: 0.380555 ms CreateObjectMapping: 0.086557 ms MarkObjects: 2.078970 ms  DeleteObjects: 0.021730 ms)

========================================================================
Received Prepare
Registering precompiled user dll's ...
Registered in 0.010718 seconds.
Begin MonoManager ReloadAssembly
Native extension for OSXStandalone target not found
Native extension for WebGL target not found
Refreshing native plugins compatible for Editor in 0.32 ms, found 2 plugins.
Preloading 0 native plugins for Editor in 0.00 ms.
Mono: successfully reloaded assembly
- Completed reload, in  1.157 seconds
Platform modules already initialized, skipping
Refreshing native plugins compatible for Editor in 0.35 ms, found 2 plugins.
Preloading 0 native plugins for Editor in 0.00 ms.
Unloading 1384 Unused Serialized files (Serialized files now loaded: 0)
System memory in use before: 147.8 MB.
System memory in use after: 147.9 MB.

Unloading 13 unused Assets to reduce memory usage. Loaded Objects now: 1866.
Total: 1.914760 ms (FindLiveObjects: 0.177392 ms CreateObjectMapping: 0.042970 ms MarkObjects: 1.679083 ms  DeleteObjects: 0.014652 ms)

========================================================================
Received Import Request.
  Time since last request: 387.968021 seconds.
  path: Assets/Scripts/MainMenu.cs
  artifactKey: Guid(f137979264798414eb6f5306f3a0da56) Importer(815301076,1909f56bfc062723c751e8b465ee728b)
Start importing Assets/Scripts/MainMenu.cs using Guid(f137979264798414eb6f5306f3a0da56) Importer(815301076,1909f56bfc062723c751e8b465ee728b)  -> (artifact id: 'e5d58bf5eca0a1594fdedae8044469c8') in 0.017796 seconds
  Import took 0.025594 seconds .

========================================================================
Received Import Request.
  Time since last request: 0.008756 seconds.
  path: Assets/Scripts/MainMenu.cs
  artifactKey: Guid(f137979264798414eb6f5306f3a0da56) Importer(815301076,1909f56bfc062723c751e8b465ee728b)
Start importing Assets/Scripts/MainMenu.cs using Guid(f137979264798414eb6f5306f3a0da56) Importer(815301076,1909f56bfc062723c751e8b465ee728b)  -> (artifact id: 'e5d58bf5eca0a1594fdedae8044469c8') in 0.007325 seconds
  Import took 0.010680 seconds .

========================================================================
Received Import Request.
  Time since last request: 4.501259 seconds.
  path: Assets/Scripts/TileGenerator.cs
  artifactKey: Guid(c7d9437da2ec24792883188e5900129d) Importer(815301076,1909f56bfc062723c751e8b465ee728b)
Start importing Assets/Scripts/TileGenerator.cs using Guid(c7d9437da2ec24792883188e5900129d) Importer(815301076,1909f56bfc062723c751e8b465ee728b)  -> (artifact id: '4615994848c325d51b1e9f548019f654') in 0.009041 seconds
  Import took 0.024717 seconds .

========================================================================
Received Prepare
Registering precompiled user dll's ...
Registered in 0.006884 seconds.
Begin MonoManager ReloadAssembly
Native extension for OSXStandalone target not found
Native extension for WebGL target not found
Refreshing native plugins compatible for Editor in 0.33 ms, found 2 plugins.
Preloading 0 native plugins for Editor in 0.00 ms.
Mono: successfully reloaded assembly
- Completed reload, in  1.263 seconds
Platform modules already initialized, skipping
Refreshing native plugins compatible for Editor in 0.32 ms, found 2 plugins.
Preloading 0 native plugins for Editor in 0.00 ms.
Unloading 1384 Unused Serialized files (Serialized files now loaded: 0)
System memory in use before: 148.0 MB.
System memory in use after: 148.1 MB.

Unloading 13 unused Assets to reduce memory usage. Loaded Objects now: 1869.
Total: 1.856744 ms (FindLiveObjects: 0.236869 ms CreateObjectMapping: 0.046112 ms MarkObjects: 1.540175 ms  DeleteObjects: 0.032632 ms)

========================================================================
Received Prepare
Registering precompiled user dll's ...
Registered in 0.004078 seconds.
Begin MonoManager ReloadAssembly
Native extension for OSXStandalone target not found
Native extension for WebGL target not found
Refreshing native plugins compatible for Editor in 0.36 ms, found 2 plugins.
Preloading 0 native plugins for Editor in 0.00 ms.
Mono: successfully reloaded assembly
- Completed reload, in  1.092 seconds
Platform modules already initialized, skipping
Refreshing native plugins compatible for Editor in 0.37 ms, found 2 plugins.
Preloading 0 native plugins for Editor in 0.00 ms.
Unloading 1384 Unused Serialized files (Serialized files now loaded: 0)
System memory in use before: 148.1 MB.
System memory in use after: 148.2 MB.

Unloading 13 unused Assets to reduce memory usage. Loaded Objects now: 1872.
Total: 1.945963 ms (FindLiveObjects: 0.176162 ms CreateObjectMapping: 0.040627 ms MarkObjects: 1.714608 ms  DeleteObjects: 0.013595 ms)

========================================================================
Received Import Request.
  Time since last request: 307.396130 seconds.
  path: Assets/Scenes/MenuGamePlay.unity
  artifactKey: Guid(204e87d3b9bb5425986cd908f213cb2c) Importer(815301076,1909f56bfc062723c751e8b465ee728b)
Start importing Assets/Scenes/MenuGamePlay.unity using Guid(204e87d3b9bb5425986cd908f213cb2c) Importer(815301076,1909f56bfc062723c751e8b465ee728b)  -> (artifact id: '41d61f855883702a519dd938b19d3d64') in 0.015394 seconds
  Import took 0.021384 seconds .

========================================================================
Received Prepare
Registering precompiled user dll's ...
Registered in 0.003708 seconds.
Begin MonoManager ReloadAssembly
Native extension for OSXStandalone target not found
Native extension for WebGL target not found
Refreshing native plugins compatible for Editor in 0.51 ms, found 2 plugins.
Preloading 0 native plugins for Editor in 0.00 ms.
Mono: successfully reloaded assembly
- Completed reload, in  1.156 seconds
Platform modules already initialized, skipping
Refreshing native plugins compatible for Editor in 0.30 ms, found 2 plugins.
Preloading 0 native plugins for Editor in 0.00 ms.
Unloading 1384 Unused Serialized files (Serialized files now loaded: 0)
System memory in use before: 148.3 MB.
System memory in use after: 148.4 MB.

Unloading 13 unused Assets to reduce memory usage. Loaded Objects now: 1875.
Total: 1.751772 ms (FindLiveObjects: 0.138349 ms CreateObjectMapping: 0.040127 ms MarkObjects: 1.559011 ms  DeleteObjects: 0.013578 ms)

========================================================================
Received Prepare
Registering precompiled user dll's ...
Registered in 0.006712 seconds.
Begin MonoManager ReloadAssembly
Native extension for OSXStandalone target not found
Native extension for WebGL target not found
Refreshing native plugins compatible for Editor in 0.51 ms, found 2 plugins.
Preloading 0 native plugins for Editor in 0.00 ms.
Mono: successfully reloaded assembly
- Completed reload, in  1.259 seconds
Platform modules already initialized, skipping
Refreshing native plugins compatible for Editor in 0.26 ms, found 2 plugins.
Preloading 0 native plugins for Editor in 0.00 ms.
Unloading 1384 Unused Serialized files (Serialized files now loaded: 0)
System memory in use before: 148.5 MB.
System memory in use after: 148.6 MB.

Unloading 13 unused Assets to reduce memory usage. Loaded Objects now: 1878.
Total: 2.318942 ms (FindLiveObjects: 0.139239 ms CreateObjectMapping: 0.052993 ms MarkObjects: 2.107607 ms  DeleteObjects: 0.018046 ms)

========================================================================
Received Prepare
Registering precompiled user dll's ...
Registered in 0.001895 seconds.
Begin MonoManager ReloadAssembly
Native extension for OSXStandalone target not found
Native extension for WebGL target not found
Refreshing native plugins compatible for Editor in 0.41 ms, found 2 plugins.
Preloading 0 native plugins for Editor in 0.00 ms.
Mono: successfully reloaded assembly
- Completed reload, in  1.141 seconds
Platform modules already initialized, skipping
Refreshing native plugins compatible for Editor in 0.33 ms, found 2 plugins.
Preloading 0 native plugins for Editor in 0.00 ms.
Unloading 1384 Unused Serialized files (Serialized files now loaded: 0)
System memory in use before: 148.7 MB.
System memory in use after: 148.8 MB.

Unloading 13 unused Assets to reduce memory usage. Loaded Objects now: 1881.
Total: 1.945434 ms (FindLiveObjects: 0.165239 ms CreateObjectMapping: 0.059647 ms MarkObjects: 1.701429 ms  DeleteObjects: 0.018210 ms)

========================================================================
Received Prepare
Registering precompiled user dll's ...
Registered in 0.015642 seconds.
Begin MonoManager ReloadAssembly
Native extension for OSXStandalone target not found
Native extension for WebGL target not found
Refreshing native plugins compatible for Editor in 0.79 ms, found 2 plugins.
Preloading 0 native plugins for Editor in 0.00 ms.
Mono: successfully reloaded assembly
- Completed reload, in  1.377 seconds
Platform modules already initialized, skipping
Refreshing native plugins compatible for Editor in 0.41 ms, found 2 plugins.
Preloading 0 native plugins for Editor in 0.00 ms.
Unloading 1384 Unused Serialized files (Serialized files now loaded: 0)
System memory in use before: 148.9 MB.
System memory in use after: 149.0 MB.

Unloading 13 unused Assets to reduce memory usage. Loaded Objects now: 1884.
Total: 1.918709 ms (FindLiveObjects: 0.214226 ms CreateObjectMapping: 0.043402 ms MarkObjects: 1.635698 ms  DeleteObjects: 0.024322 ms)

========================================================================
Received Prepare
Registering precompiled user dll's ...
Registered in 0.010273 seconds.
Begin MonoManager ReloadAssembly
Native extension for OSXStandalone target not found
Native extension for WebGL target not found
Refreshing native plugins compatible for Editor in 0.36 ms, found 2 plugins.
Preloading 0 native plugins for Editor in 0.00 ms.
Mono: successfully reloaded assembly
- Completed reload, in  1.249 seconds
Platform modules already initialized, skipping
Refreshing native plugins compatible for Editor in 0.41 ms, found 2 plugins.
Preloading 0 native plugins for Editor in 0.00 ms.
Unloading 1384 Unused Serialized files (Serialized files now loaded: 0)
System memory in use before: 149.1 MB.
System memory in use after: 149.2 MB.

Unloading 13 unused Assets to reduce memory usage. Loaded Objects now: 1887.
Total: 2.284980 ms (FindLiveObjects: 0.272041 ms CreateObjectMapping: 0.056794 ms MarkObjects: 1.930517 ms  DeleteObjects: 0.024578 ms)

========================================================================
Received Prepare
Registering precompiled user dll's ...
Registered in 0.009517 seconds.
Begin MonoManager ReloadAssembly
Native extension for OSXStandalone target not found
Native extension for WebGL target not found
Refreshing native plugins compatible for Editor in 0.34 ms, found 2 plugins.
Preloading 0 native plugins for Editor in 0.00 ms.
Mono: successfully reloaded assembly
- Completed reload, in  1.123 seconds
Platform modules already initialized, skipping
Refreshing native plugins compatible for Editor in 0.35 ms, found 2 plugins.
Preloading 0 native plugins for Editor in 0.00 ms.
Unloading 1384 Unused Serialized files (Serialized files now loaded: 0)
System memory in use before: 149.3 MB.
System memory in use after: 149.4 MB.

Unloading 13 unused Assets to reduce memory usage. Loaded Objects now: 1890.
Total: 1.847048 ms (FindLiveObjects: 0.166462 ms CreateObjectMapping: 0.036006 ms MarkObjects: 1.629005 ms  DeleteObjects: 0.014742 ms)

========================================================================
Received Import Request.
  Time since last request: 806.485373 seconds.
  path: Assets/Scenes/Gameplay.unity
  artifactKey: Guid(231f62325d99342dbb06d5624dcf46c9) Importer(815301076,1909f56bfc062723c751e8b465ee728b)
Start importing Assets/Scenes/Gameplay.unity using Guid(231f62325d99342dbb06d5624dcf46c9) Importer(815301076,1909f56bfc062723c751e8b465ee728b)  -> (artifact id: 'f2ef8987c5b40f360eea429d256cbd1a') in 0.023324 seconds
  Import took 0.029524 seconds .

========================================================================
Received Prepare
Registering precompiled user dll's ...
Registered in 0.005088 seconds.
Begin MonoManager ReloadAssembly
Native extension for OSXStandalone target not found
Native extension for WebGL target not found
Refreshing native plugins compatible for Editor in 0.35 ms, found 2 plugins.
Preloading 0 native plugins for Editor in 0.00 ms.
Mono: successfully reloaded assembly
- Completed reload, in  1.125 seconds
Platform modules already initialized, skipping
Refreshing native plugins compatible for Editor in 0.41 ms, found 2 plugins.
Preloading 0 native plugins for Editor in 0.00 ms.
Unloading 1384 Unused Serialized files (Serialized files now loaded: 0)
System memory in use before: 149.5 MB.
System memory in use after: 149.6 MB.

Unloading 13 unused Assets to reduce memory usage. Loaded Objects now: 1893.
Total: 2.127144 ms (FindLiveObjects: 0.190025 ms CreateObjectMapping: 0.041581 ms MarkObjects: 1.874940 ms  DeleteObjects: 0.019861 ms)

========================================================================
Received Prepare
Registering precompiled user dll's ...
Registered in 0.001623 seconds.
Begin MonoManager ReloadAssembly
Native extension for OSXStandalone target not found
Native extension for WebGL target not found
Refreshing native plugins compatible for Editor in 0.34 ms, found 2 plugins.
Preloading 0 native plugins for Editor in 0.00 ms.
Mono: successfully reloaded assembly
- Completed reload, in  1.188 seconds
Platform modules already initialized, skipping
Refreshing native plugins compatible for Editor in 0.27 ms, found 2 plugins.
Preloading 0 native plugins for Editor in 0.00 ms.
Unloading 1384 Unused Serialized files (Serialized files now loaded: 0)
System memory in use before: 149.6 MB.
System memory in use after: 149.7 MB.

Unloading 13 unused Assets to reduce memory usage. Loaded Objects now: 1896.
Total: 1.987341 ms (FindLiveObjects: 0.135708 ms CreateObjectMapping: 0.035807 ms MarkObjects: 1.799615 ms  DeleteObjects: 0.015405 ms)

========================================================================
Received Prepare
Registering precompiled user dll's ...
Registered in 0.007903 seconds.
Begin MonoManager ReloadAssembly
Native extension for OSXStandalone target not found
Native extension for WebGL target not found
Refreshing native plugins compatible for Editor in 0.33 ms, found 2 plugins.
Preloading 0 native plugins for Editor in 0.00 ms.
Mono: successfully reloaded assembly
- Completed reload, in  1.209 seconds
Platform modules already initialized, skipping
Refreshing native plugins compatible for Editor in 0.28 ms, found 2 plugins.
Preloading 0 native plugins for Editor in 0.00 ms.
Unloading 1384 Unused Serialized files (Serialized files now loaded: 0)
System memory in use before: 149.8 MB.
System memory in use after: 149.9 MB.

Unloading 13 unused Assets to reduce memory usage. Loaded Objects now: 1899.
Total: 2.344642 ms (FindLiveObjects: 0.242600 ms CreateObjectMapping: 0.042936 ms MarkObjects: 2.041218 ms  DeleteObjects: 0.017084 ms)

========================================================================
Received Import Request.
  Time since last request: 288.514747 seconds.
  path: Assets/Scenes/Gameplay.unity
  artifactKey: Guid(231f62325d99342dbb06d5624dcf46c9) Importer(815301076,1909f56bfc062723c751e8b465ee728b)
Start importing Assets/Scenes/Gameplay.unity using Guid(231f62325d99342dbb06d5624dcf46c9) Importer(815301076,1909f56bfc062723c751e8b465ee728b)  -> (artifact id: 'ab84a377845a27757538e7b3c871fb8c') in 0.011167 seconds
  Import took 0.015003 seconds .

========================================================================
Received Prepare
Registering precompiled user dll's ...
Registered in 0.008193 seconds.
Begin MonoManager ReloadAssembly
Native extension for OSXStandalone target not found
Native extension for WebGL target not found
Refreshing native plugins compatible for Editor in 0.32 ms, found 2 plugins.
Preloading 0 native plugins for Editor in 0.00 ms.
Mono: successfully reloaded assembly
- Completed reload, in  1.179 seconds
Platform modules already initialized, skipping
Refreshing native plugins compatible for Editor in 0.31 ms, found 2 plugins.
Preloading 0 native plugins for Editor in 0.00 ms.
Unloading 1384 Unused Serialized files (Serialized files now loaded: 0)
System memory in use before: 150.0 MB.
System memory in use after: 150.1 MB.

Unloading 13 unused Assets to reduce memory usage. Loaded Objects now: 1902.
Total: 1.824647 ms (FindLiveObjects: 0.163505 ms CreateObjectMapping: 0.043215 ms MarkObjects: 1.599852 ms  DeleteObjects: 0.017008 ms)

========================================================================
Received Prepare
Registering precompiled user dll's ...
Registered in 0.009040 seconds.
Begin MonoManager ReloadAssembly
Native extension for OSXStandalone target not found
Native extension for WebGL target not found
Refreshing native plugins compatible for Editor in 0.39 ms, found 2 plugins.
Preloading 0 native plugins for Editor in 0.00 ms.
Mono: successfully reloaded assembly
- Completed reload, in  1.548 seconds
Platform modules already initialized, skipping
Refreshing native plugins compatible for Editor in 0.67 ms, found 2 plugins.
Preloading 0 native plugins for Editor in 0.00 ms.
Unloading 1384 Unused Serialized files (Serialized files now loaded: 0)
System memory in use before: 150.2 MB.
System memory in use after: 150.3 MB.

Unloading 13 unused Assets to reduce memory usage. Loaded Objects now: 1905.
Total: 2.091628 ms (FindLiveObjects: 0.234894 ms CreateObjectMapping: 0.047830 ms MarkObjects: 1.776060 ms  DeleteObjects: 0.032009 ms)

========================================================================
Received Prepare
Registering precompiled user dll's ...
Registered in 0.008470 seconds.
Begin MonoManager ReloadAssembly
Native extension for OSXStandalone target not found
Native extension for WebGL target not found
Refreshing native plugins compatible for Editor in 0.33 ms, found 2 plugins.
Preloading 0 native plugins for Editor in 0.00 ms.
Mono: successfully reloaded assembly
- Completed reload, in  1.187 seconds
Platform modules already initialized, skipping
Refreshing native plugins compatible for Editor in 0.28 ms, found 2 plugins.
Preloading 0 native plugins for Editor in 0.00 ms.
Unloading 1384 Unused Serialized files (Serialized files now loaded: 0)
System memory in use before: 150.4 MB.
System memory in use after: 150.5 MB.

Unloading 13 unused Assets to reduce memory usage. Loaded Objects now: 1908.
Total: 1.681913 ms (FindLiveObjects: 0.143426 ms CreateObjectMapping: 0.039139 ms MarkObjects: 1.483906 ms  DeleteObjects: 0.014688 ms)

========================================================================
Received Import Request.
  Time since last request: 352.861274 seconds.
  path: Assets/Scripts/MainMenu.cs
  artifactKey: Guid(f137979264798414eb6f5306f3a0da56) Importer(815301076,1909f56bfc062723c751e8b465ee728b)
Start importing Assets/Scripts/MainMenu.cs using Guid(f137979264798414eb6f5306f3a0da56) Importer(815301076,1909f56bfc062723c751e8b465ee728b)  -> (artifact id: '9b34eae85985cb05399e11d2eeef47ca') in 0.021216 seconds
  Import took 0.028343 seconds .

========================================================================
Received Import Request.
  Time since last request: 24.936498 seconds.
  path: Assets/Scripts/MainMenu.cs
  artifactKey: Guid(f137979264798414eb6f5306f3a0da56) Importer(815301076,1909f56bfc062723c751e8b465ee728b)
Start importing Assets/Scripts/MainMenu.cs using Guid(f137979264798414eb6f5306f3a0da56) Importer(815301076,1909f56bfc062723c751e8b465ee728b)  -> (artifact id: '1a68d45d12f139f4a9caa053b352bb44') in 0.012707 seconds
  Import took 0.034626 seconds .

========================================================================
Received Prepare
Registering precompiled user dll's ...
Registered in 0.002994 seconds.
Begin MonoManager ReloadAssembly
Native extension for OSXStandalone target not found
Native extension for WebGL target not found
Refreshing native plugins compatible for Editor in 0.36 ms, found 2 plugins.
Preloading 0 native plugins for Editor in 0.00 ms.
Mono: successfully reloaded assembly
- Completed reload, in  1.405 seconds
Platform modules already initialized, skipping
Refreshing native plugins compatible for Editor in 0.31 ms, found 2 plugins.
Preloading 0 native plugins for Editor in 0.00 ms.
Unloading 1384 Unused Serialized files (Serialized files now loaded: 0)
System memory in use before: 150.5 MB.
System memory in use after: 150.7 MB.

Unloading 13 unused Assets to reduce memory usage. Loaded Objects now: 1911.
Total: 2.944182 ms (FindLiveObjects: 0.485360 ms CreateObjectMapping: 0.110896 ms MarkObjects: 2.221006 ms  DeleteObjects: 0.125790 ms)

========================================================================
Received Prepare
Registering precompiled user dll's ...
Registered in 0.012709 seconds.
Begin MonoManager ReloadAssembly
Native extension for OSXStandalone target not found
Native extension for WebGL target not found
Refreshing native plugins compatible for Editor in 0.48 ms, found 2 plugins.
Preloading 0 native plugins for Editor in 0.00 ms.
Mono: successfully reloaded assembly
- Completed reload, in  1.424 seconds
Platform modules already initialized, skipping
Refreshing native plugins compatible for Editor in 0.28 ms, found 2 plugins.
Preloading 0 native plugins for Editor in 0.00 ms.
Unloading 1384 Unused Serialized files (Serialized files now loaded: 0)
System memory in use before: 150.7 MB.
System memory in use after: 150.8 MB.

Unloading 13 unused Assets to reduce memory usage. Loaded Objects now: 1914.
Total: 2.358021 ms (FindLiveObjects: 0.350548 ms CreateObjectMapping: 0.079603 ms MarkObjects: 1.890124 ms  DeleteObjects: 0.036672 ms)

========================================================================
Received Prepare
Registering precompiled user dll's ...
Registered in 0.004477 seconds.
Begin MonoManager ReloadAssembly
Native extension for OSXStandalone target not found
Native extension for WebGL target not found
Refreshing native plugins compatible for Editor in 0.42 ms, found 2 plugins.
Preloading 0 native plugins for Editor in 0.00 ms.
Mono: successfully reloaded assembly
- Completed reload, in  1.162 seconds
Platform modules already initialized, skipping
Refreshing native plugins compatible for Editor in 0.28 ms, found 2 plugins.
Preloading 0 native plugins for Editor in 0.00 ms.
Unloading 1384 Unused Serialized files (Serialized files now loaded: 0)
System memory in use before: 150.9 MB.
System memory in use after: 151.0 MB.

Unloading 13 unused Assets to reduce memory usage. Loaded Objects now: 1917.
Total: 1.719887 ms (FindLiveObjects: 0.153022 ms CreateObjectMapping: 0.041988 ms MarkObjects: 1.509781 ms  DeleteObjects: 0.014227 ms)

========================================================================
Received Prepare
Registering precompiled user dll's ...
Registered in 0.006673 seconds.
Begin MonoManager ReloadAssembly
Native extension for OSXStandalone target not found
Native extension for WebGL target not found
Refreshing native plugins compatible for Editor in 0.33 ms, found 2 plugins.
Preloading 0 native plugins for Editor in 0.00 ms.
Mono: successfully reloaded assembly
- Completed reload, in  1.161 seconds
Platform modules already initialized, skipping
Refreshing native plugins compatible for Editor in 0.27 ms, found 2 plugins.
Preloading 0 native plugins for Editor in 0.00 ms.
Unloading 1384 Unused Serialized files (Serialized files now loaded: 0)
System memory in use before: 151.1 MB.
System memory in use after: 151.2 MB.

Unloading 13 unused Assets to reduce memory usage. Loaded Objects now: 1920.
Total: 1.958566 ms (FindLiveObjects: 0.144926 ms CreateObjectMapping: 0.036960 ms MarkObjects: 1.760016 ms  DeleteObjects: 0.015453 ms)

========================================================================
Received Prepare
Registering precompiled user dll's ...
Registered in 0.003663 seconds.
Begin MonoManager ReloadAssembly
Native extension for OSXStandalone target not found
Native extension for WebGL target not found
Refreshing native plugins compatible for Editor in 0.37 ms, found 2 plugins.
Preloading 0 native plugins for Editor in 0.00 ms.
Mono: successfully reloaded assembly
- Completed reload, in  1.167 seconds
Platform modules already initialized, skipping
Refreshing native plugins compatible for Editor in 0.26 ms, found 2 plugins.
Preloading 0 native plugins for Editor in 0.00 ms.
Unloading 1384 Unused Serialized files (Serialized files now loaded: 0)
System memory in use before: 151.3 MB.
System memory in use after: 151.4 MB.

Unloading 13 unused Assets to reduce memory usage. Loaded Objects now: 1923.
Total: 1.761734 ms (FindLiveObjects: 0.147238 ms CreateObjectMapping: 0.040734 ms MarkObjects: 1.558067 ms  DeleteObjects: 0.014586 ms)

========================================================================
Received Prepare
Registering precompiled user dll's ...
Registered in 0.008089 seconds.
Begin MonoManager ReloadAssembly
Native extension for OSXStandalone target not found
Native extension for WebGL target not found
Refreshing native plugins compatible for Editor in 0.34 ms, found 2 plugins.
Preloading 0 native plugins for Editor in 0.00 ms.
Mono: successfully reloaded assembly
- Completed reload, in  1.236 seconds
Platform modules already initialized, skipping
Refreshing native plugins compatible for Editor in 0.30 ms, found 2 plugins.
Preloading 0 native plugins for Editor in 0.00 ms.
Unloading 1384 Unused Serialized files (Serialized files now loaded: 0)
System memory in use before: 151.5 MB.
System memory in use after: 151.6 MB.

Unloading 13 unused Assets to reduce memory usage. Loaded Objects now: 1926.
Total: 2.009141 ms (FindLiveObjects: 0.250780 ms CreateObjectMapping: 0.043754 ms MarkObjects: 1.687280 ms  DeleteObjects: 0.026621 ms)

